ERROR - 2021-07-20 22:10:18 --> Error connecting to the database: Unknown database 'uas'
CRITICAL - 2021-07-20 22:10:18 --> Unable to connect to the database.
Main connection [MySQLi]: Unknown database 'uas'
#0 E:\Xampp\htdocs\UAS\system\Database\BaseConnection.php(625): CodeIgniter\Database\BaseConnection->initialize()
#1 E:\Xampp\htdocs\UAS\system\Database\BaseBuilder.php(1881): CodeIgniter\Database\BaseConnection->query('SELECT *\nFROM `...', Array, false)
#2 E:\Xampp\htdocs\UAS\system\Model.php(197): CodeIgniter\Database\BaseBuilder->get()
#3 E:\Xampp\htdocs\UAS\system\BaseModel.php(603): CodeIgniter\Model->doFindAll(0, 0)
#4 E:\Xampp\htdocs\UAS\app\Controllers\Warga.php(12): CodeIgniter\BaseModel->findAll()
#5 E:\Xampp\htdocs\UAS\system\CodeIgniter.php(928): App\Controllers\Warga->index()
#6 E:\Xampp\htdocs\UAS\system\CodeIgniter.php(436): CodeIgniter\CodeIgniter->runController(Object(App\Controllers\Warga))
#7 E:\Xampp\htdocs\UAS\system\CodeIgniter.php(336): CodeIgniter\CodeIgniter->handleRequest(NULL, Object(Config\Cache), false)
#8 E:\Xampp\htdocs\UAS\public\index.php(37): CodeIgniter\CodeIgniter->run()
#9 E:\Xampp\htdocs\UAS\system\Commands\Server\rewrite.php(45): require_once('E:\\Xampp\\htdocs...')
#10 {main}
ERROR - 2021-07-20 22:12:07 --> Error connecting to the database: Unknown database 'uas'
CRITICAL - 2021-07-20 22:12:07 --> Unable to connect to the database.
Main connection [MySQLi]: Unknown database 'uas'
#0 E:\Xampp\htdocs\UAS\system\Database\BaseConnection.php(625): CodeIgniter\Database\BaseConnection->initialize()
#1 E:\Xampp\htdocs\UAS\system\Database\BaseBuilder.php(1881): CodeIgniter\Database\BaseConnection->query('SELECT *\nFROM `...', Array, false)
#2 E:\Xampp\htdocs\UAS\system\Model.php(197): CodeIgniter\Database\BaseBuilder->get()
#3 E:\Xampp\htdocs\UAS\system\BaseModel.php(603): CodeIgniter\Model->doFindAll(0, 0)
#4 E:\Xampp\htdocs\UAS\app\Controllers\Warga.php(12): CodeIgniter\BaseModel->findAll()
#5 E:\Xampp\htdocs\UAS\system\CodeIgniter.php(928): App\Controllers\Warga->index()
#6 E:\Xampp\htdocs\UAS\system\CodeIgniter.php(436): CodeIgniter\CodeIgniter->runController(Object(App\Controllers\Warga))
#7 E:\Xampp\htdocs\UAS\system\CodeIgniter.php(336): CodeIgniter\CodeIgniter->handleRequest(NULL, Object(Config\Cache), false)
#8 E:\Xampp\htdocs\UAS\public\index.php(37): CodeIgniter\CodeIgniter->run()
#9 E:\Xampp\htdocs\UAS\system\Commands\Server\rewrite.php(45): require_once('E:\\Xampp\\htdocs...')
#10 {main}
ERROR - 2021-07-20 22:15:15 --> Error connecting to the database: Access denied for user '****'@'localhost' (using password: NO)
CRITICAL - 2021-07-20 22:15:15 --> Unable to connect to the database.
Main connection [MySQLi]: Access denied for user '****'@'localhost' (using password: NO)
#0 E:\Xampp\htdocs\UAS\system\Database\BaseConnection.php(625): CodeIgniter\Database\BaseConnection->initialize()
#1 E:\Xampp\htdocs\UAS\system\Database\BaseBuilder.php(1881): CodeIgniter\Database\BaseConnection->query('SELECT *\nFROM `...', Array, false)
#2 E:\Xampp\htdocs\UAS\system\Model.php(197): CodeIgniter\Database\BaseBuilder->get()
#3 E:\Xampp\htdocs\UAS\system\BaseModel.php(603): CodeIgniter\Model->doFindAll(0, 0)
#4 E:\Xampp\htdocs\UAS\app\Controllers\Warga.php(12): CodeIgniter\BaseModel->findAll()
#5 E:\Xampp\htdocs\UAS\system\CodeIgniter.php(928): App\Controllers\Warga->index()
#6 E:\Xampp\htdocs\UAS\system\CodeIgniter.php(436): CodeIgniter\CodeIgniter->runController(Object(App\Controllers\Warga))
#7 E:\Xampp\htdocs\UAS\system\CodeIgniter.php(336): CodeIgniter\CodeIgniter->handleRequest(NULL, Object(Config\Cache), false)
#8 E:\Xampp\htdocs\UAS\public\index.php(37): CodeIgniter\CodeIgniter->run()
#9 E:\Xampp\htdocs\UAS\system\Commands\Server\rewrite.php(45): require_once('E:\\Xampp\\htdocs...')
#10 {main}
ERROR - 2021-07-20 22:16:46 --> Error connecting to the database: Access denied for user '****'@'localhost' (using password: NO)
CRITICAL - 2021-07-20 22:16:46 --> Unable to connect to the database.
Main connection [MySQLi]: Access denied for user '****'@'localhost' (using password: NO)
#0 E:\Xampp\htdocs\UAS\system\Database\BaseConnection.php(625): CodeIgniter\Database\BaseConnection->initialize()
#1 E:\Xampp\htdocs\UAS\system\Database\BaseBuilder.php(1881): CodeIgniter\Database\BaseConnection->query('SELECT *\nFROM `...', Array, false)
#2 E:\Xampp\htdocs\UAS\system\Model.php(197): CodeIgniter\Database\BaseBuilder->get()
#3 E:\Xampp\htdocs\UAS\system\BaseModel.php(603): CodeIgniter\Model->doFindAll(0, 0)
#4 E:\Xampp\htdocs\UAS\app\Controllers\Warga.php(12): CodeIgniter\BaseModel->findAll()
#5 E:\Xampp\htdocs\UAS\system\CodeIgniter.php(928): App\Controllers\Warga->index()
#6 E:\Xampp\htdocs\UAS\system\CodeIgniter.php(436): CodeIgniter\CodeIgniter->runController(Object(App\Controllers\Warga))
#7 E:\Xampp\htdocs\UAS\system\CodeIgniter.php(336): CodeIgniter\CodeIgniter->handleRequest(NULL, Object(Config\Cache), false)
#8 E:\Xampp\htdocs\UAS\public\index.php(37): CodeIgniter\CodeIgniter->run()
#9 E:\Xampp\htdocs\UAS\system\Commands\Server\rewrite.php(45): require_once('E:\\Xampp\\htdocs...')
#10 {main}
ERROR - 2021-07-20 22:18:53 --> Error connecting to the database: Access denied for user '****'@'localhost' (using password: NO)
CRITICAL - 2021-07-20 22:18:53 --> Unable to connect to the database.
Main connection [MySQLi]: Access denied for user '****'@'localhost' (using password: NO)
#0 E:\Xampp\htdocs\UAS\system\Database\BaseConnection.php(625): CodeIgniter\Database\BaseConnection->initialize()
#1 E:\Xampp\htdocs\UAS\system\Database\BaseBuilder.php(1881): CodeIgniter\Database\BaseConnection->query('SELECT *\nFROM `...', Array, false)
#2 E:\Xampp\htdocs\UAS\system\Model.php(197): CodeIgniter\Database\BaseBuilder->get()
#3 E:\Xampp\htdocs\UAS\system\BaseModel.php(603): CodeIgniter\Model->doFindAll(0, 0)
#4 E:\Xampp\htdocs\UAS\app\Controllers\Warga.php(12): CodeIgniter\BaseModel->findAll()
#5 E:\Xampp\htdocs\UAS\system\CodeIgniter.php(928): App\Controllers\Warga->index()
#6 E:\Xampp\htdocs\UAS\system\CodeIgniter.php(436): CodeIgniter\CodeIgniter->runController(Object(App\Controllers\Warga))
#7 E:\Xampp\htdocs\UAS\system\CodeIgniter.php(336): CodeIgniter\CodeIgniter->handleRequest(NULL, Object(Config\Cache), false)
#8 E:\Xampp\htdocs\UAS\public\index.php(37): CodeIgniter\CodeIgniter->run()
#9 E:\Xampp\htdocs\UAS\system\Commands\Server\rewrite.php(45): require_once('E:\\Xampp\\htdocs...')
#10 {main}
ERROR - 2021-07-20 22:20:26 --> Unknown column 'id' in 'where clause'
CRITICAL - 2021-07-20 22:20:26 --> Unknown column 'id' in 'where clause'
#0 E:\Xampp\htdocs\UAS\system\Database\MySQLi\Connection.php(329): mysqli->query('SELECT *\nFROM `...')
#1 E:\Xampp\htdocs\UAS\system\Database\BaseConnection.php(732): CodeIgniter\Database\MySQLi\Connection->execute('SELECT *\nFROM `...')
#2 E:\Xampp\htdocs\UAS\system\Database\BaseConnection.php(647): CodeIgniter\Database\BaseConnection->simpleQuery('SELECT *\nFROM `...')
#3 E:\Xampp\htdocs\UAS\system\Database\BaseBuilder.php(1881): CodeIgniter\Database\BaseConnection->query('SELECT *\nFROM `...', Array, false)
#4 E:\Xampp\htdocs\UAS\system\Model.php(228): CodeIgniter\Database\BaseBuilder->get()
#5 E:\Xampp\htdocs\UAS\system\BaseModel.php(644): CodeIgniter\Model->doFirst()
#6 E:\Xampp\htdocs\UAS\app\Controllers\Warga.php(68): CodeIgniter\BaseModel->first()
#7 E:\Xampp\htdocs\UAS\system\CodeIgniter.php(928): App\Controllers\Warga->edit('1')
#8 E:\Xampp\htdocs\UAS\system\CodeIgniter.php(436): CodeIgniter\CodeIgniter->runController(Object(App\Controllers\Warga))
#9 E:\Xampp\htdocs\UAS\system\CodeIgniter.php(336): CodeIgniter\CodeIgniter->handleRequest(NULL, Object(Config\Cache), false)
#10 E:\Xampp\htdocs\UAS\public\index.php(37): CodeIgniter\CodeIgniter->run()
#11 E:\Xampp\htdocs\UAS\system\Commands\Server\rewrite.php(45): require_once('E:\\Xampp\\htdocs...')
#12 {main}
ERROR - 2021-07-20 22:21:07 --> Unknown column 'id' in 'where clause'
CRITICAL - 2021-07-20 22:21:07 --> Unknown column 'id' in 'where clause'
#0 E:\Xampp\htdocs\UAS\system\Database\MySQLi\Connection.php(329): mysqli->query('SELECT *\nFROM `...')
#1 E:\Xampp\htdocs\UAS\system\Database\BaseConnection.php(732): CodeIgniter\Database\MySQLi\Connection->execute('SELECT *\nFROM `...')
#2 E:\Xampp\htdocs\UAS\system\Database\BaseConnection.php(647): CodeIgniter\Database\BaseConnection->simpleQuery('SELECT *\nFROM `...')
#3 E:\Xampp\htdocs\UAS\system\Database\BaseBuilder.php(1881): CodeIgniter\Database\BaseConnection->query('SELECT *\nFROM `...', Array, false)
#4 E:\Xampp\htdocs\UAS\system\Model.php(228): CodeIgniter\Database\BaseBuilder->get()
#5 E:\Xampp\htdocs\UAS\system\BaseModel.php(644): CodeIgniter\Model->doFirst()
#6 E:\Xampp\htdocs\UAS\app\Controllers\Warga.php(68): CodeIgniter\BaseModel->first()
#7 E:\Xampp\htdocs\UAS\system\CodeIgniter.php(928): App\Controllers\Warga->edit('1')
#8 E:\Xampp\htdocs\UAS\system\CodeIgniter.php(436): CodeIgniter\CodeIgniter->runController(Object(App\Controllers\Warga))
#9 E:\Xampp\htdocs\UAS\system\CodeIgniter.php(336): CodeIgniter\CodeIgniter->handleRequest(NULL, Object(Config\Cache), false)
#10 E:\Xampp\htdocs\UAS\public\index.php(37): CodeIgniter\CodeIgniter->run()
#11 E:\Xampp\htdocs\UAS\system\Commands\Server\rewrite.php(45): require_once('E:\\Xampp\\htdocs...')
#12 {main}
ERROR - 2021-07-20 22:21:15 --> Unknown column 'id' in 'where clause'
CRITICAL - 2021-07-20 22:21:15 --> Unknown column 'id' in 'where clause'
#0 E:\Xampp\htdocs\UAS\system\Database\MySQLi\Connection.php(329): mysqli->query('SELECT *\nFROM `...')
#1 E:\Xampp\htdocs\UAS\system\Database\BaseConnection.php(732): CodeIgniter\Database\MySQLi\Connection->execute('SELECT *\nFROM `...')
#2 E:\Xampp\htdocs\UAS\system\Database\BaseConnection.php(647): CodeIgniter\Database\BaseConnection->simpleQuery('SELECT *\nFROM `...')
#3 E:\Xampp\htdocs\UAS\system\Database\BaseBuilder.php(1881): CodeIgniter\Database\BaseConnection->query('SELECT *\nFROM `...', Array, false)
#4 E:\Xampp\htdocs\UAS\system\Model.php(228): CodeIgniter\Database\BaseBuilder->get()
#5 E:\Xampp\htdocs\UAS\system\BaseModel.php(644): CodeIgniter\Model->doFirst()
#6 E:\Xampp\htdocs\UAS\app\Controllers\Warga.php(68): CodeIgniter\BaseModel->first()
#7 E:\Xampp\htdocs\UAS\system\CodeIgniter.php(928): App\Controllers\Warga->edit('1')
#8 E:\Xampp\htdocs\UAS\system\CodeIgniter.php(436): CodeIgniter\CodeIgniter->runController(Object(App\Controllers\Warga))
#9 E:\Xampp\htdocs\UAS\system\CodeIgniter.php(336): CodeIgniter\CodeIgniter->handleRequest(NULL, Object(Config\Cache), false)
#10 E:\Xampp\htdocs\UAS\public\index.php(37): CodeIgniter\CodeIgniter->run()
#11 E:\Xampp\htdocs\UAS\system\Commands\Server\rewrite.php(45): require_once('E:\\Xampp\\htdocs...')
#12 {main}
ERROR - 2021-07-20 22:23:26 --> Unknown column 'id' in 'where clause'
CRITICAL - 2021-07-20 22:23:26 --> Unknown column 'id' in 'where clause'
#0 E:\Xampp\htdocs\UAS\system\Database\MySQLi\Connection.php(329): mysqli->query('SELECT *\nFROM `...')
#1 E:\Xampp\htdocs\UAS\system\Database\BaseConnection.php(732): CodeIgniter\Database\MySQLi\Connection->execute('SELECT *\nFROM `...')
#2 E:\Xampp\htdocs\UAS\system\Database\BaseConnection.php(647): CodeIgniter\Database\BaseConnection->simpleQuery('SELECT *\nFROM `...')
#3 E:\Xampp\htdocs\UAS\system\Database\BaseBuilder.php(1881): CodeIgniter\Database\BaseConnection->query('SELECT *\nFROM `...', Array, false)
#4 E:\Xampp\htdocs\UAS\system\Model.php(228): CodeIgniter\Database\BaseBuilder->get()
#5 E:\Xampp\htdocs\UAS\system\BaseModel.php(644): CodeIgniter\Model->doFirst()
#6 E:\Xampp\htdocs\UAS\app\Controllers\Warga.php(68): CodeIgniter\BaseModel->first()
#7 E:\Xampp\htdocs\UAS\system\CodeIgniter.php(928): App\Controllers\Warga->edit('1')
#8 E:\Xampp\htdocs\UAS\system\CodeIgniter.php(436): CodeIgniter\CodeIgniter->runController(Object(App\Controllers\Warga))
#9 E:\Xampp\htdocs\UAS\system\CodeIgniter.php(336): CodeIgniter\CodeIgniter->handleRequest(NULL, Object(Config\Cache), false)
#10 E:\Xampp\htdocs\UAS\public\index.php(37): CodeIgniter\CodeIgniter->run()
#11 E:\Xampp\htdocs\UAS\system\Commands\Server\rewrite.php(45): require_once('E:\\Xampp\\htdocs...')
#12 {main}
ERROR - 2021-07-20 22:26:59 --> Unknown column 'id' in 'where clause'
CRITICAL - 2021-07-20 22:26:59 --> Unknown column 'id' in 'where clause'
#0 E:\Xampp\htdocs\UAS\system\Database\MySQLi\Connection.php(329): mysqli->query('SELECT *\nFROM `...')
#1 E:\Xampp\htdocs\UAS\system\Database\BaseConnection.php(732): CodeIgniter\Database\MySQLi\Connection->execute('SELECT *\nFROM `...')
#2 E:\Xampp\htdocs\UAS\system\Database\BaseConnection.php(647): CodeIgniter\Database\BaseConnection->simpleQuery('SELECT *\nFROM `...')
#3 E:\Xampp\htdocs\UAS\system\Database\BaseBuilder.php(1881): CodeIgniter\Database\BaseConnection->query('SELECT *\nFROM `...', Array, false)
#4 E:\Xampp\htdocs\UAS\system\Model.php(228): CodeIgniter\Database\BaseBuilder->get()
#5 E:\Xampp\htdocs\UAS\system\BaseModel.php(644): CodeIgniter\Model->doFirst()
#6 E:\Xampp\htdocs\UAS\app\Controllers\Warga.php(68): CodeIgniter\BaseModel->first()
#7 E:\Xampp\htdocs\UAS\system\CodeIgniter.php(928): App\Controllers\Warga->edit('1')
#8 E:\Xampp\htdocs\UAS\system\CodeIgniter.php(436): CodeIgniter\CodeIgniter->runController(Object(App\Controllers\Warga))
#9 E:\Xampp\htdocs\UAS\system\CodeIgniter.php(336): CodeIgniter\CodeIgniter->handleRequest(NULL, Object(Config\Cache), false)
#10 E:\Xampp\htdocs\UAS\public\index.php(37): CodeIgniter\CodeIgniter->run()
#11 E:\Xampp\htdocs\UAS\system\Commands\Server\rewrite.php(45): require_once('E:\\Xampp\\htdocs...')
#12 {main}
ERROR - 2021-07-20 22:27:00 --> Unknown column 'id' in 'where clause'
CRITICAL - 2021-07-20 22:27:00 --> Unknown column 'id' in 'where clause'
#0 E:\Xampp\htdocs\UAS\system\Database\MySQLi\Connection.php(329): mysqli->query('SELECT *\nFROM `...')
#1 E:\Xampp\htdocs\UAS\system\Database\BaseConnection.php(732): CodeIgniter\Database\MySQLi\Connection->execute('SELECT *\nFROM `...')
#2 E:\Xampp\htdocs\UAS\system\Database\BaseConnection.php(647): CodeIgniter\Database\BaseConnection->simpleQuery('SELECT *\nFROM `...')
#3 E:\Xampp\htdocs\UAS\system\Database\BaseBuilder.php(1881): CodeIgniter\Database\BaseConnection->query('SELECT *\nFROM `...', Array, false)
#4 E:\Xampp\htdocs\UAS\system\Model.php(228): CodeIgniter\Database\BaseBuilder->get()
#5 E:\Xampp\htdocs\UAS\system\BaseModel.php(644): CodeIgniter\Model->doFirst()
#6 E:\Xampp\htdocs\UAS\app\Controllers\Warga.php(68): CodeIgniter\BaseModel->first()
#7 E:\Xampp\htdocs\UAS\system\CodeIgniter.php(928): App\Controllers\Warga->edit('1')
#8 E:\Xampp\htdocs\UAS\system\CodeIgniter.php(436): CodeIgniter\CodeIgniter->runController(Object(App\Controllers\Warga))
#9 E:\Xampp\htdocs\UAS\system\CodeIgniter.php(336): CodeIgniter\CodeIgniter->handleRequest(NULL, Object(Config\Cache), false)
#10 E:\Xampp\htdocs\UAS\public\index.php(37): CodeIgniter\CodeIgniter->run()
#11 E:\Xampp\htdocs\UAS\system\Commands\Server\rewrite.php(45): require_once('E:\\Xampp\\htdocs...')
#12 {main}
ERROR - 2021-07-20 22:27:19 --> Unknown column 'id' in 'where clause'
CRITICAL - 2021-07-20 22:27:19 --> Unknown column 'id' in 'where clause'
#0 E:\Xampp\htdocs\UAS\system\Database\MySQLi\Connection.php(329): mysqli->query('SELECT *\nFROM `...')
#1 E:\Xampp\htdocs\UAS\system\Database\BaseConnection.php(732): CodeIgniter\Database\MySQLi\Connection->execute('SELECT *\nFROM `...')
#2 E:\Xampp\htdocs\UAS\system\Database\BaseConnection.php(647): CodeIgniter\Database\BaseConnection->simpleQuery('SELECT *\nFROM `...')
#3 E:\Xampp\htdocs\UAS\system\Database\BaseBuilder.php(1881): CodeIgniter\Database\BaseConnection->query('SELECT *\nFROM `...', Array, false)
#4 E:\Xampp\htdocs\UAS\system\Model.php(228): CodeIgniter\Database\BaseBuilder->get()
#5 E:\Xampp\htdocs\UAS\system\BaseModel.php(644): CodeIgniter\Model->doFirst()
#6 E:\Xampp\htdocs\UAS\app\Controllers\Warga.php(68): CodeIgniter\BaseModel->first()
#7 E:\Xampp\htdocs\UAS\system\CodeIgniter.php(928): App\Controllers\Warga->edit('1')
#8 E:\Xampp\htdocs\UAS\system\CodeIgniter.php(436): CodeIgniter\CodeIgniter->runController(Object(App\Controllers\Warga))
#9 E:\Xampp\htdocs\UAS\system\CodeIgniter.php(336): CodeIgniter\CodeIgniter->handleRequest(NULL, Object(Config\Cache), false)
#10 E:\Xampp\htdocs\UAS\public\index.php(37): CodeIgniter\CodeIgniter->run()
#11 E:\Xampp\htdocs\UAS\system\Commands\Server\rewrite.php(45): require_once('E:\\Xampp\\htdocs...')
#12 {main}
ERROR - 2021-07-20 22:27:38 --> Cannot delete or update a parent row: a foreign key constraint fails (`projectaxel`.`iuran`, CONSTRAINT `iuran_ibfk_1` FOREIGN KEY (`warga_id`) REFERENCES `warga` (`warga_id`))
CRITICAL - 2021-07-20 22:27:38 --> Cannot delete or update a parent row: a foreign key constraint fails (`projectaxel`.`iuran`, CONSTRAINT `iuran_ibfk_1` FOREIGN KEY (`warga_id`) REFERENCES `warga` (`warga_id`))
#0 E:\Xampp\htdocs\UAS\system\Database\MySQLi\Connection.php(329): mysqli->query('DELETE FROM `wa...')
#1 E:\Xampp\htdocs\UAS\system\Database\BaseConnection.php(732): CodeIgniter\Database\MySQLi\Connection->execute('DELETE FROM `wa...')
#2 E:\Xampp\htdocs\UAS\system\Database\BaseConnection.php(647): CodeIgniter\Database\BaseConnection->simpleQuery('DELETE FROM `wa...')
#3 E:\Xampp\htdocs\UAS\system\Database\BaseBuilder.php(2881): CodeIgniter\Database\BaseConnection->query('DELETE FROM `wa...', Array, false)
#4 E:\Xampp\htdocs\UAS\system\Model.php(392): CodeIgniter\Database\BaseBuilder->delete()
#5 E:\Xampp\htdocs\UAS\system\BaseModel.php(1025): CodeIgniter\Model->doDelete(Array, false)
#6 E:\Xampp\htdocs\UAS\app\Controllers\Warga.php(76): CodeIgniter\BaseModel->delete(Array)
#7 E:\Xampp\htdocs\UAS\system\CodeIgniter.php(928): App\Controllers\Warga->delete('1')
#8 E:\Xampp\htdocs\UAS\system\CodeIgniter.php(436): CodeIgniter\CodeIgniter->runController(Object(App\Controllers\Warga))
#9 E:\Xampp\htdocs\UAS\system\CodeIgniter.php(336): CodeIgniter\CodeIgniter->handleRequest(NULL, Object(Config\Cache), false)
#10 E:\Xampp\htdocs\UAS\public\index.php(37): CodeIgniter\CodeIgniter->run()
#11 E:\Xampp\htdocs\UAS\system\Commands\Server\rewrite.php(45): require_once('E:\\Xampp\\htdocs...')
#12 {main}
ERROR - 2021-07-20 23:45:16 --> Error connecting to the database: Access denied for user '****'@'localhost' (using password: YES)
CRITICAL - 2021-07-20 23:45:16 --> Unable to connect to the database.
Main connection [MySQLi]: Access denied for user '****'@'localhost' (using password: YES)
#0 E:\Xampp\htdocs\UAS\system\Database\BaseConnection.php(625): CodeIgniter\Database\BaseConnection->initialize()
#1 E:\Xampp\htdocs\UAS\system\Database\BaseBuilder.php(1881): CodeIgniter\Database\BaseConnection->query('SELECT *\nFROM `...', Array, false)
#2 E:\Xampp\htdocs\UAS\system\Model.php(197): CodeIgniter\Database\BaseBuilder->get()
#3 E:\Xampp\htdocs\UAS\system\BaseModel.php(603): CodeIgniter\Model->doFindAll(0, 0)
#4 E:\Xampp\htdocs\UAS\app\Controllers\Warga.php(12): CodeIgniter\BaseModel->findAll()
#5 E:\Xampp\htdocs\UAS\system\CodeIgniter.php(928): App\Controllers\Warga->index()
#6 E:\Xampp\htdocs\UAS\system\CodeIgniter.php(436): CodeIgniter\CodeIgniter->runController(Object(App\Controllers\Warga))
#7 E:\Xampp\htdocs\UAS\system\CodeIgniter.php(336): CodeIgniter\CodeIgniter->handleRequest(NULL, Object(Config\Cache), false)
#8 E:\Xampp\htdocs\UAS\public\index.php(37): CodeIgniter\CodeIgniter->run()
#9 E:\Xampp\htdocs\UAS\system\Commands\Server\rewrite.php(45): require_once('E:\\Xampp\\htdocs...')
#10 {main}
ERROR - 2021-07-20 23:45:33 --> Error connecting to the database: Access denied for user '****'@'localhost' (using password: YES)
CRITICAL - 2021-07-20 23:45:33 --> Unable to connect to the database.
Main connection [MySQLi]: Access denied for user '****'@'localhost' (using password: YES)
#0 E:\Xampp\htdocs\UAS\system\Database\BaseConnection.php(625): CodeIgniter\Database\BaseConnection->initialize()
#1 E:\Xampp\htdocs\UAS\system\Database\BaseBuilder.php(1881): CodeIgniter\Database\BaseConnection->query('SELECT *\nFROM `...', Array, false)
#2 E:\Xampp\htdocs\UAS\system\Model.php(197): CodeIgniter\Database\BaseBuilder->get()
#3 E:\Xampp\htdocs\UAS\system\BaseModel.php(603): CodeIgniter\Model->doFindAll(0, 0)
#4 E:\Xampp\htdocs\UAS\app\Controllers\Warga.php(12): CodeIgniter\BaseModel->findAll()
#5 E:\Xampp\htdocs\UAS\system\CodeIgniter.php(928): App\Controllers\Warga->index()
#6 E:\Xampp\htdocs\UAS\system\CodeIgniter.php(436): CodeIgniter\CodeIgniter->runController(Object(App\Controllers\Warga))
#7 E:\Xampp\htdocs\UAS\system\CodeIgniter.php(336): CodeIgniter\CodeIgniter->handleRequest(NULL, Object(Config\Cache), false)
#8 E:\Xampp\htdocs\UAS\public\index.php(37): CodeIgniter\CodeIgniter->run()
#9 E:\Xampp\htdocs\UAS\system\Commands\Server\rewrite.php(45): require_once('E:\\Xampp\\htdocs...')
#10 {main}
ERROR - 2021-07-20 23:45:34 --> Error connecting to the database: Access denied for user '****'@'localhost' (using password: YES)
CRITICAL - 2021-07-20 23:45:34 --> Unable to connect to the database.
Main connection [MySQLi]: Access denied for user '****'@'localhost' (using password: YES)
#0 E:\Xampp\htdocs\UAS\system\Database\BaseConnection.php(625): CodeIgniter\Database\BaseConnection->initialize()
#1 E:\Xampp\htdocs\UAS\system\Database\BaseBuilder.php(1881): CodeIgniter\Database\BaseConnection->query('SELECT *\nFROM `...', Array, false)
#2 E:\Xampp\htdocs\UAS\system\Model.php(197): CodeIgniter\Database\BaseBuilder->get()
#3 E:\Xampp\htdocs\UAS\system\BaseModel.php(603): CodeIgniter\Model->doFindAll(0, 0)
#4 E:\Xampp\htdocs\UAS\app\Controllers\Warga.php(12): CodeIgniter\BaseModel->findAll()
#5 E:\Xampp\htdocs\UAS\system\CodeIgniter.php(928): App\Controllers\Warga->index()
#6 E:\Xampp\htdocs\UAS\system\CodeIgniter.php(436): CodeIgniter\CodeIgniter->runController(Object(App\Controllers\Warga))
#7 E:\Xampp\htdocs\UAS\system\CodeIgniter.php(336): CodeIgniter\CodeIgniter->handleRequest(NULL, Object(Config\Cache), false)
#8 E:\Xampp\htdocs\UAS\public\index.php(37): CodeIgniter\CodeIgniter->run()
#9 E:\Xampp\htdocs\UAS\system\Commands\Server\rewrite.php(45): require_once('E:\\Xampp\\htdocs...')
#10 {main}
ERROR - 2021-07-20 23:46:42 --> Error connecting to the database: Access denied for user '****'@'localhost' (using password: YES)
CRITICAL - 2021-07-20 23:46:42 --> Unable to connect to the database.
Main connection [MySQLi]: Access denied for user '****'@'localhost' (using password: YES)
#0 E:\Xampp\htdocs\UAS\system\Database\BaseConnection.php(625): CodeIgniter\Database\BaseConnection->initialize()
#1 E:\Xampp\htdocs\UAS\system\Database\BaseBuilder.php(1881): CodeIgniter\Database\BaseConnection->query('SELECT *\nFROM `...', Array, false)
#2 E:\Xampp\htdocs\UAS\system\Model.php(197): CodeIgniter\Database\BaseBuilder->get()
#3 E:\Xampp\htdocs\UAS\system\BaseModel.php(603): CodeIgniter\Model->doFindAll(0, 0)
#4 E:\Xampp\htdocs\UAS\app\Controllers\Warga.php(12): CodeIgniter\BaseModel->findAll()
#5 E:\Xampp\htdocs\UAS\system\CodeIgniter.php(928): App\Controllers\Warga->index()
#6 E:\Xampp\htdocs\UAS\system\CodeIgniter.php(436): CodeIgniter\CodeIgniter->runController(Object(App\Controllers\Warga))
#7 E:\Xampp\htdocs\UAS\system\CodeIgniter.php(336): CodeIgniter\CodeIgniter->handleRequest(NULL, Object(Config\Cache), false)
#8 E:\Xampp\htdocs\UAS\public\index.php(37): CodeIgniter\CodeIgniter->run()
#9 E:\Xampp\htdocs\UAS\system\Commands\Server\rewrite.php(45): require_once('E:\\Xampp\\htdocs...')
#10 {main}
ERROR - 2021-07-20 23:48:42 --> Error connecting to the database: Access denied for user '****'@'localhost' (using password: YES)
CRITICAL - 2021-07-20 23:48:42 --> Unable to connect to the database.
Main connection [MySQLi]: Access denied for user '****'@'localhost' (using password: YES)
#0 E:\Xampp\htdocs\UAS\system\Database\BaseConnection.php(625): CodeIgniter\Database\BaseConnection->initialize()
#1 E:\Xampp\htdocs\UAS\system\Database\BaseBuilder.php(1881): CodeIgniter\Database\BaseConnection->query('SELECT *\nFROM `...', Array, false)
#2 E:\Xampp\htdocs\UAS\system\Model.php(197): CodeIgniter\Database\BaseBuilder->get()
#3 E:\Xampp\htdocs\UAS\system\BaseModel.php(603): CodeIgniter\Model->doFindAll(0, 0)
#4 E:\Xampp\htdocs\UAS\app\Controllers\Warga.php(12): CodeIgniter\BaseModel->findAll()
#5 E:\Xampp\htdocs\UAS\system\CodeIgniter.php(928): App\Controllers\Warga->index()
#6 E:\Xampp\htdocs\UAS\system\CodeIgniter.php(436): CodeIgniter\CodeIgniter->runController(Object(App\Controllers\Warga))
#7 E:\Xampp\htdocs\UAS\system\CodeIgniter.php(336): CodeIgniter\CodeIgniter->handleRequest(NULL, Object(Config\Cache), false)
#8 E:\Xampp\htdocs\UAS\public\index.php(37): CodeIgniter\CodeIgniter->run()
#9 E:\Xampp\htdocs\UAS\system\Commands\Server\rewrite.php(45): require_once('E:\\Xampp\\htdocs...')
#10 {main}
ERROR - 2021-07-20 23:48:50 --> Error connecting to the database: Access denied for user '****'@'localhost' (using password: YES)
CRITICAL - 2021-07-20 23:48:50 --> Unable to connect to the database.
Main connection [MySQLi]: Access denied for user '****'@'localhost' (using password: YES)
#0 E:\Xampp\htdocs\UAS\system\Database\BaseConnection.php(625): CodeIgniter\Database\BaseConnection->initialize()
#1 E:\Xampp\htdocs\UAS\system\Database\BaseBuilder.php(1881): CodeIgniter\Database\BaseConnection->query('SELECT *\nFROM `...', Array, false)
#2 E:\Xampp\htdocs\UAS\system\Model.php(197): CodeIgniter\Database\BaseBuilder->get()
#3 E:\Xampp\htdocs\UAS\system\BaseModel.php(603): CodeIgniter\Model->doFindAll(0, 0)
#4 E:\Xampp\htdocs\UAS\app\Controllers\Warga.php(12): CodeIgniter\BaseModel->findAll()
#5 E:\Xampp\htdocs\UAS\system\CodeIgniter.php(928): App\Controllers\Warga->index()
#6 E:\Xampp\htdocs\UAS\system\CodeIgniter.php(436): CodeIgniter\CodeIgniter->runController(Object(App\Controllers\Warga))
#7 E:\Xampp\htdocs\UAS\system\CodeIgniter.php(336): CodeIgniter\CodeIgniter->handleRequest(NULL, Object(Config\Cache), false)
#8 E:\Xampp\htdocs\UAS\public\index.php(37): CodeIgniter\CodeIgniter->run()
#9 E:\Xampp\htdocs\UAS\system\Commands\Server\rewrite.php(45): require_once('E:\\Xampp\\htdocs...')
#10 {main}
ERROR - 2021-07-20 23:48:51 --> Error connecting to the database: Access denied for user '****'@'localhost' (using password: YES)
CRITICAL - 2021-07-20 23:48:51 --> Unable to connect to the database.
Main connection [MySQLi]: Access denied for user '****'@'localhost' (using password: YES)
#0 E:\Xampp\htdocs\UAS\system\Database\BaseConnection.php(625): CodeIgniter\Database\BaseConnection->initialize()
#1 E:\Xampp\htdocs\UAS\system\Database\BaseBuilder.php(1881): CodeIgniter\Database\BaseConnection->query('SELECT *\nFROM `...', Array, false)
#2 E:\Xampp\htdocs\UAS\system\Model.php(197): CodeIgniter\Database\BaseBuilder->get()
#3 E:\Xampp\htdocs\UAS\system\BaseModel.php(603): CodeIgniter\Model->doFindAll(0, 0)
#4 E:\Xampp\htdocs\UAS\app\Controllers\Warga.php(20): CodeIgniter\BaseModel->findAll()
#5 E:\Xampp\htdocs\UAS\system\CodeIgniter.php(928): App\Controllers\Warga->admin_index()
#6 E:\Xampp\htdocs\UAS\system\CodeIgniter.php(436): CodeIgniter\CodeIgniter->runController(Object(App\Controllers\Warga))
#7 E:\Xampp\htdocs\UAS\system\CodeIgniter.php(336): CodeIgniter\CodeIgniter->handleRequest(NULL, Object(Config\Cache), false)
#8 E:\Xampp\htdocs\UAS\public\index.php(37): CodeIgniter\CodeIgniter->run()
#9 E:\Xampp\htdocs\UAS\system\Commands\Server\rewrite.php(45): require_once('E:\\Xampp\\htdocs...')
#10 {main}
ERROR - 2021-07-20 23:51:36 --> Error connecting to the database: Access denied for user '****'@'localhost' (using password: NO)
CRITICAL - 2021-07-20 23:51:36 --> Unable to connect to the database.
Main connection [MySQLi]: Access denied for user '****'@'localhost' (using password: NO)
#0 E:\Xampp\htdocs\UAS\system\Database\BaseConnection.php(625): CodeIgniter\Database\BaseConnection->initialize()
#1 E:\Xampp\htdocs\UAS\system\Database\BaseBuilder.php(1881): CodeIgniter\Database\BaseConnection->query('SELECT *\nFROM `...', Array, false)
#2 E:\Xampp\htdocs\UAS\system\Model.php(197): CodeIgniter\Database\BaseBuilder->get()
#3 E:\Xampp\htdocs\UAS\system\BaseModel.php(603): CodeIgniter\Model->doFindAll(0, 0)
#4 E:\Xampp\htdocs\UAS\app\Controllers\Warga.php(20): CodeIgniter\BaseModel->findAll()
#5 E:\Xampp\htdocs\UAS\system\CodeIgniter.php(928): App\Controllers\Warga->admin_index()
#6 E:\Xampp\htdocs\UAS\system\CodeIgniter.php(436): CodeIgniter\CodeIgniter->runController(Object(App\Controllers\Warga))
#7 E:\Xampp\htdocs\UAS\system\CodeIgniter.php(336): CodeIgniter\CodeIgniter->handleRequest(NULL, Object(Config\Cache), false)
#8 E:\Xampp\htdocs\UAS\public\index.php(37): CodeIgniter\CodeIgniter->run()
#9 E:\Xampp\htdocs\UAS\system\Commands\Server\rewrite.php(45): require_once('E:\\Xampp\\htdocs...')
#10 {main}
ERROR - 2021-07-20 23:51:37 --> Error connecting to the database: Access denied for user '****'@'localhost' (using password: NO)
CRITICAL - 2021-07-20 23:51:37 --> Unable to connect to the database.
Main connection [MySQLi]: Access denied for user '****'@'localhost' (using password: NO)
#0 E:\Xampp\htdocs\UAS\system\Database\BaseConnection.php(625): CodeIgniter\Database\BaseConnection->initialize()
#1 E:\Xampp\htdocs\UAS\system\Database\BaseBuilder.php(1881): CodeIgniter\Database\BaseConnection->query('SELECT *\nFROM `...', Array, false)
#2 E:\Xampp\htdocs\UAS\system\Model.php(197): CodeIgniter\Database\BaseBuilder->get()
#3 E:\Xampp\htdocs\UAS\system\BaseModel.php(603): CodeIgniter\Model->doFindAll(0, 0)
#4 E:\Xampp\htdocs\UAS\app\Controllers\Warga.php(20): CodeIgniter\BaseModel->findAll()
#5 E:\Xampp\htdocs\UAS\system\CodeIgniter.php(928): App\Controllers\Warga->admin_index()
#6 E:\Xampp\htdocs\UAS\system\CodeIgniter.php(436): CodeIgniter\CodeIgniter->runController(Object(App\Controllers\Warga))
#7 E:\Xampp\htdocs\UAS\system\CodeIgniter.php(336): CodeIgniter\CodeIgniter->handleRequest(NULL, Object(Config\Cache), false)
#8 E:\Xampp\htdocs\UAS\public\index.php(37): CodeIgniter\CodeIgniter->run()
#9 E:\Xampp\htdocs\UAS\system\Commands\Server\rewrite.php(45): require_once('E:\\Xampp\\htdocs...')
#10 {main}
ERROR - 2021-07-20 23:53:54 --> Error connecting to the database: Unknown database 'uas'
CRITICAL - 2021-07-20 23:53:54 --> Unable to connect to the database.
Main connection [MySQLi]: Unknown database 'uas'
#0 E:\Xampp\htdocs\UAS\system\Database\BaseConnection.php(625): CodeIgniter\Database\BaseConnection->initialize()
#1 E:\Xampp\htdocs\UAS\system\Database\BaseBuilder.php(1881): CodeIgniter\Database\BaseConnection->query('SELECT *\nFROM `...', Array, false)
#2 E:\Xampp\htdocs\UAS\system\Model.php(197): CodeIgniter\Database\BaseBuilder->get()
#3 E:\Xampp\htdocs\UAS\system\BaseModel.php(603): CodeIgniter\Model->doFindAll(0, 0)
#4 E:\Xampp\htdocs\UAS\app\Controllers\Warga.php(12): CodeIgniter\BaseModel->findAll()
#5 E:\Xampp\htdocs\UAS\system\CodeIgniter.php(928): App\Controllers\Warga->index()
#6 E:\Xampp\htdocs\UAS\system\CodeIgniter.php(436): CodeIgniter\CodeIgniter->runController(Object(App\Controllers\Warga))
#7 E:\Xampp\htdocs\UAS\system\CodeIgniter.php(336): CodeIgniter\CodeIgniter->handleRequest(NULL, Object(Config\Cache), false)
#8 E:\Xampp\htdocs\UAS\public\index.php(37): CodeIgniter\CodeIgniter->run()
#9 E:\Xampp\htdocs\UAS\system\Commands\Server\rewrite.php(45): require_once('E:\\Xampp\\htdocs...')
#10 {main}
ERROR - 2021-07-20 23:54:51 --> Error connecting to the database: Unknown database 'uas'
CRITICAL - 2021-07-20 23:54:51 --> Unable to connect to the database.
Main connection [MySQLi]: Unknown database 'uas'
#0 E:\Xampp\htdocs\UAS\system\Database\BaseConnection.php(625): CodeIgniter\Database\BaseConnection->initialize()
#1 E:\Xampp\htdocs\UAS\system\Database\BaseBuilder.php(1881): CodeIgniter\Database\BaseConnection->query('SELECT *\nFROM `...', Array, false)
#2 E:\Xampp\htdocs\UAS\system\Model.php(197): CodeIgniter\Database\BaseBuilder->get()
#3 E:\Xampp\htdocs\UAS\system\BaseModel.php(603): CodeIgniter\Model->doFindAll(0, 0)
#4 E:\Xampp\htdocs\UAS\app\Controllers\Warga.php(20): CodeIgniter\BaseModel->findAll()
#5 E:\Xampp\htdocs\UAS\system\CodeIgniter.php(928): App\Controllers\Warga->admin_index()
#6 E:\Xampp\htdocs\UAS\system\CodeIgniter.php(436): CodeIgniter\CodeIgniter->runController(Object(App\Controllers\Warga))
#7 E:\Xampp\htdocs\UAS\system\CodeIgniter.php(336): CodeIgniter\CodeIgniter->handleRequest(NULL, Object(Config\Cache), false)
#8 E:\Xampp\htdocs\UAS\public\index.php(37): CodeIgniter\CodeIgniter->run()
#9 E:\Xampp\htdocs\UAS\system\Commands\Server\rewrite.php(45): require_once('E:\\Xampp\\htdocs...')
#10 {main}
